# JRE version: Java(TM) SE Runtime Environment (17.0.12+8) (build 17.0.12+8-LTS-286)
# Java VM: Java HotSpot(TM) 64-Bit Server VM (17.0.12+8-LTS-286, mixed mode, sharing, tiered, compressed oops, compressed class ptrs, g1 gc, windows-amd64)
GC Precious Log:
 CPUs: 4 total, 4 available
 Memory: 7877M
 Large Page Support: Disabled
 NUMA Support: Disabled
 Compressed Oops: Enabled (32-bit)
 Heap Region Size: 1M
 Heap Min Capacity: 8M
 Heap Initial Capacity: 124M
 Heap Max Capacity: 1970M
 Pre-touch: Disabled
 Parallel Workers: 4
 Concurrent Workers: 1
 Concurrent Refinement Workers: 4
 Periodic GC: Disabled
Heap:
 garbage-first heap   total 78848K, used 50548K [0x0000000084e00000, 0x0000000100000000)
  region size 1024K, 25 young (25600K), 4 survivors (4096K)
 Metaspace       used 68032K, committed 68544K, reserved 1114112K
  class space    used 9235K, committed 9472K, reserved 1048576K
GC Heap History (20 events):
Event: 5.486 GC heap before
{Heap before GC invocations=5 (full 0):
 garbage-first heap   total 55296K, used 39796K [0x0000000084e00000, 0x0000000100000000)
  region size 1024K, 32 young (32768K), 7 survivors (7168K)
 Metaspace       used 24583K, committed 24960K, reserved 1114112K
  class space    used 3080K, committed 3264K, reserved 1048576K
}
Event: 5.493 GC heap after
{Heap after GC invocations=6 (full 0):
 garbage-first heap   total 55296K, used 15887K [0x0000000084e00000, 0x0000000100000000)
  region size 1024K, 2 young (2048K), 2 survivors (2048K)
 Metaspace       used 24583K, committed 24960K, reserved 1114112K
  class space    used 3080K, committed 3264K, reserved 1048576K
}
Event: 5.505 GC heap before
{Heap before GC invocations=6 (full 0):
 garbage-first heap   total 55296K, used 16911K [0x0000000084e00000, 0x0000000100000000)
  region size 1024K, 3 young (3072K), 2 survivors (2048K)
 Metaspace       used 24697K, committed 25024K, reserved 1114112K
  class space    used 3096K, committed 3264K, reserved 1048576K
}
Event: 5.508 GC heap after
{Heap after GC invocations=7 (full 0):
 garbage-first heap   total 55296K, used 16182K [0x0000000084e00000, 0x0000000100000000)
  region size 1024K, 1 young (1024K), 1 survivors (1024K)
 Metaspace       used 24697K, committed 25024K, reserved 1114112K
  class space    used 3096K, committed 3264K, reserved 1048576K
}
Event: 5.911 GC heap before
{Heap before GC invocations=7 (full 0):
 garbage-first heap   total 55296K, used 38710K [0x0000000084e00000, 0x0000000100000000)
  region size 1024K, 23 young (23552K), 1 survivors (1024K)
 Metaspace       used 29085K, committed 29440K, reserved 1114112K
  class space    used 3646K, committed 3840K, reserved 1048576K
}
Event: 5.915 GC heap after
{Heap after GC invocations=8 (full 0):
 garbage-first heap   total 55296K, used 18314K [0x0000000084e00000, 0x0000000100000000)
  region size 1024K, 3 young (3072K), 3 survivors (3072K)
 Metaspace       used 29085K, committed 29440K, reserved 1114112K
  class space    used 3646K, committed 3840K, reserved 1048576K
}
Event: 6.698 GC heap before
{Heap before GC invocations=8 (full 0):
 garbage-first heap   total 55296K, used 39818K [0x0000000084e00000, 0x0000000100000000)
  region size 1024K, 24 young (24576K), 3 survivors (3072K)
 Metaspace       used 31612K, committed 31936K, reserved 1114112K
  class space    used 3989K, committed 4160K, reserved 1048576K
}
Event: 6.706 GC heap after
{Heap after GC invocations=9 (full 0):
 garbage-first heap   total 89088K, used 19952K [0x0000000084e00000, 0x0000000100000000)
  region size 1024K, 2 young (2048K), 2 survivors (2048K)
 Metaspace       used 31612K, committed 31936K, reserved 1114112K
  class space    used 3989K, committed 4160K, reserved 1048576K
}
Event: 7.527 GC heap before
{Heap before GC invocations=9 (full 0):
 garbage-first heap   total 89088K, used 42480K [0x0000000084e00000, 0x0000000100000000)
  region size 1024K, 25 young (25600K), 2 survivors (2048K)
 Metaspace       used 35671K, committed 36096K, reserved 1114112K
  class space    used 4590K, committed 4800K, reserved 1048576K
}
Event: 7.535 GC heap after
{Heap after GC invocations=10 (full 0):
 garbage-first heap   total 89088K, used 22043K [0x0000000084e00000, 0x0000000100000000)
  region size 1024K, 4 young (4096K), 4 survivors (4096K)
 Metaspace       used 35671K, committed 36096K, reserved 1114112K
  class space    used 4590K, committed 4800K, reserved 1048576K
}
Event: 9.026 GC heap before
{Heap before GC invocations=11 (full 0):
 garbage-first heap   total 78848K, used 65051K [0x0000000084e00000, 0x0000000100000000)
  region size 1024K, 46 young (47104K), 4 survivors (4096K)
 Metaspace       used 44332K, committed 44800K, reserved 1114112K
  class space    used 5826K, committed 6016K, reserved 1048576K
}
Event: 9.040 GC heap after
{Heap after GC invocations=12 (full 0):
 garbage-first heap   total 78848K, used 24815K [0x0000000084e00000, 0x0000000100000000)
  region size 1024K, 5 young (5120K), 5 survivors (5120K)
 Metaspace       used 44332K, committed 44800K, reserved 1114112K
  class space    used 5826K, committed 6016K, reserved 1048576K
}
Event: 10.467 GC heap before
{Heap before GC invocations=12 (full 0):
 garbage-first heap   total 78848K, used 59631K [0x0000000084e00000, 0x0000000100000000)
  region size 1024K, 39 young (39936K), 5 survivors (5120K)
 Metaspace       used 52194K, committed 52672K, reserved 1114112K
  class space    used 6883K, committed 7104K, reserved 1048576K
}
Event: 10.481 GC heap after
{Heap after GC invocations=13 (full 0):
 garbage-first heap   total 78848K, used 27188K [0x0000000084e00000, 0x0000000100000000)
  region size 1024K, 3 young (3072K), 3 survivors (3072K)
 Metaspace       used 52194K, committed 52672K, reserved 1114112K
  class space    used 6883K, committed 7104K, reserved 1048576K
}
Event: 12.480 GC heap before
{Heap before GC invocations=13 (full 0):
 garbage-first heap   total 78848K, used 59956K [0x0000000084e00000, 0x0000000100000000)
  region size 1024K, 35 young (35840K), 3 survivors (3072K)
 Metaspace       used 59655K, committed 60096K, reserved 1114112K
  class space    used 7995K, committed 8192K, reserved 1048576K
}
Event: 12.488 GC heap after
{Heap after GC invocations=14 (full 0):
 garbage-first heap   total 78848K, used 28295K [0x0000000084e00000, 0x0000000100000000)
  region size 1024K, 4 young (4096K), 4 survivors (4096K)
 Metaspace       used 59655K, committed 60096K, reserved 1114112K
  class space    used 7995K, committed 8192K, reserved 1048576K
}
Event: 12.641 GC heap before
{Heap before GC invocations=14 (full 0):
 garbage-first heap   total 78848K, used 30343K [0x0000000084e00000, 0x0000000100000000)
  region size 1024K, 7 young (7168K), 4 survivors (4096K)
 Metaspace       used 60167K, committed 60608K, reserved 1114112K
  class space    used 8091K, committed 8320K, reserved 1048576K
}
Event: 12.646 GC heap after
{Heap after GC invocations=15 (full 0):
 garbage-first heap   total 78848K, used 28474K [0x0000000084e00000, 0x0000000100000000)
  region size 1024K, 2 young (2048K), 2 survivors (2048K)
 Metaspace       used 60167K, committed 60608K, reserved 1114112K
  class space    used 8091K, committed 8320K, reserved 1048576K
}
Event: 14.895 GC heap before
{Heap before GC invocations=16 (full 0):
 garbage-first heap   total 78848K, used 62266K [0x0000000084e00000, 0x0000000100000000)
  region size 1024K, 35 young (35840K), 2 survivors (2048K)
 Metaspace       used 65273K, committed 65856K, reserved 1114112K
  class space    used 8847K, committed 9088K, reserved 1048576K
}
Event: 14.906 GC heap after
{Heap after GC invocations=17 (full 0):
 garbage-first heap   total 78848K, used 30068K [0x0000000084e00000, 0x0000000100000000)
  region size 1024K, 4 young (4096K), 4 survivors (4096K)
 Metaspace       used 65273K, committed 65856K, reserved 1114112K
  class space    used 8847K, committed 9088K, reserved 1048576K
}

