# JRE version: Java(TM) SE Runtime Environment (17.0.12+8) (build 17.0.12+8-LTS-286)
# Java VM: Java HotSpot(TM) 64-Bit Server VM (17.0.12+8-LTS-286, mixed mode, sharing, tiered, compressed oops, compressed class ptrs, g1 gc, windows-amd64)
GC Precious Log:
 CPUs: 4 total, 4 available
 Memory: 7877M
 Large Page Support: Disabled
 NUMA Support: Disabled
 Compressed Oops: Enabled (32-bit)
 Heap Region Size: 1M
 Heap Min Capacity: 8M
 Heap Initial Capacity: 124M
 Heap Max Capacity: 1970M
 Pre-touch: Disabled
 Parallel Workers: 4
 Concurrent Workers: 1
 Concurrent Refinement Workers: 4
 Periodic GC: Disabled
Heap:
 garbage-first heap   total 78848K, used 56306K [0x0000000084e00000, 0x0000000100000000)
  region size 1024K, 36 young (36864K), 4 survivors (4096K)
 Metaspace       used 51420K, committed 51840K, reserved 1114112K
  class space    used 6778K, committed 6976K, reserved 1048576K
GC Heap History (20 events):
Event: 1.201 GC heap before
{Heap before GC invocations=0 (full 0):
 garbage-first heap   total 126976K, used 14336K [0x0000000084e00000, 0x0000000100000000)
  region size 1024K, 13 young (13312K), 0 survivors (0K)
 Metaspace       used 2835K, committed 2944K, reserved 1114112K
  class space    used 277K, committed 320K, reserved 1048576K
}
Event: 1.209 GC heap after
{Heap after GC invocations=1 (full 0):
 garbage-first heap   total 126976K, used 7597K [0x0000000084e00000, 0x0000000100000000)
  region size 1024K, 2 young (2048K), 2 survivors (2048K)
 Metaspace       used 2835K, committed 2944K, reserved 1114112K
  class space    used 277K, committed 320K, reserved 1048576K
}
Event: 1.778 GC heap before
{Heap before GC invocations=1 (full 0):
 garbage-first heap   total 126976K, used 19885K [0x0000000084e00000, 0x0000000100000000)
  region size 1024K, 14 young (14336K), 2 survivors (2048K)
 Metaspace       used 6279K, committed 6464K, reserved 1114112K
  class space    used 749K, committed 832K, reserved 1048576K
}
Event: 1.786 GC heap after
{Heap after GC invocations=2 (full 0):
 garbage-first heap   total 126976K, used 8529K [0x0000000084e00000, 0x0000000100000000)
  region size 1024K, 1 young (1024K), 1 survivors (1024K)
 Metaspace       used 6279K, committed 6464K, reserved 1114112K
  class space    used 749K, committed 832K, reserved 1048576K
}
Event: 2.677 GC heap before
{Heap before GC invocations=2 (full 0):
 garbage-first heap   total 126976K, used 32081K [0x0000000084e00000, 0x0000000100000000)
  region size 1024K, 25 young (25600K), 1 survivors (1024K)
 Metaspace       used 11420K, committed 11776K, reserved 1114112K
  class space    used 1545K, committed 1728K, reserved 1048576K
}
Event: 2.681 GC heap after
{Heap after GC invocations=3 (full 0):
 garbage-first heap   total 126976K, used 10116K [0x0000000084e00000, 0x0000000100000000)
  region size 1024K, 3 young (3072K), 3 survivors (3072K)
 Metaspace       used 11420K, committed 11776K, reserved 1114112K
  class space    used 1545K, committed 1728K, reserved 1048576K
}
Event: 3.913 GC heap before
{Heap before GC invocations=3 (full 0):
 garbage-first heap   total 126976K, used 58244K [0x0000000084e00000, 0x0000000100000000)
  region size 1024K, 51 young (52224K), 3 survivors (3072K)
 Metaspace       used 21262K, committed 21504K, reserved 1114112K
  class space    used 2621K, committed 2752K, reserved 1048576K
}
Event: 3.921 GC heap after
{Heap after GC invocations=4 (full 0):
 garbage-first heap   total 126976K, used 14190K [0x0000000084e00000, 0x0000000100000000)
  region size 1024K, 7 young (7168K), 7 survivors (7168K)
 Metaspace       used 21262K, committed 21504K, reserved 1114112K
  class space    used 2621K, committed 2752K, reserved 1048576K
}
Event: 4.362 GC heap before
{Heap before GC invocations=5 (full 0):
 garbage-first heap   total 55296K, used 39790K [0x0000000084e00000, 0x0000000100000000)
  region size 1024K, 32 young (32768K), 7 survivors (7168K)
 Metaspace       used 24797K, committed 25152K, reserved 1114112K
  class space    used 3110K, committed 3264K, reserved 1048576K
}
Event: 4.369 GC heap after
{Heap after GC invocations=6 (full 0):
 garbage-first heap   total 55296K, used 15986K [0x0000000084e00000, 0x0000000100000000)
  region size 1024K, 3 young (3072K), 3 survivors (3072K)
 Metaspace       used 24797K, committed 25152K, reserved 1114112K
  class space    used 3110K, committed 3264K, reserved 1048576K
}
Event: 4.385 GC heap before
{Heap before GC invocations=6 (full 0):
 garbage-first heap   total 55296K, used 15986K [0x0000000084e00000, 0x0000000100000000)
  region size 1024K, 4 young (4096K), 3 survivors (3072K)
 Metaspace       used 24916K, committed 25216K, reserved 1114112K
  class space    used 3129K, committed 3264K, reserved 1048576K
}
Event: 4.388 GC heap after
{Heap after GC invocations=7 (full 0):
 garbage-first heap   total 55296K, used 16075K [0x0000000084e00000, 0x0000000100000000)
  region size 1024K, 1 young (1024K), 1 survivors (1024K)
 Metaspace       used 24916K, committed 25216K, reserved 1114112K
  class space    used 3129K, committed 3264K, reserved 1048576K
}
Event: 4.802 GC heap before
{Heap before GC invocations=7 (full 0):
 garbage-first heap   total 55296K, used 38603K [0x0000000084e00000, 0x0000000100000000)
  region size 1024K, 23 young (23552K), 1 survivors (1024K)
 Metaspace       used 28952K, committed 29376K, reserved 1114112K
  class space    used 3619K, committed 3840K, reserved 1048576K
}
Event: 4.808 GC heap after
{Heap after GC invocations=8 (full 0):
 garbage-first heap   total 83968K, used 18232K [0x0000000084e00000, 0x0000000100000000)
  region size 1024K, 3 young (3072K), 3 survivors (3072K)
 Metaspace       used 28952K, committed 29376K, reserved 1114112K
  class space    used 3619K, committed 3840K, reserved 1048576K
}
Event: 6.600 GC heap before
{Heap before GC invocations=8 (full 0):
 garbage-first heap   total 83968K, used 58168K [0x0000000084e00000, 0x0000000100000000)
  region size 1024K, 43 young (44032K), 3 survivors (3072K)
 Metaspace       used 34958K, committed 35328K, reserved 1114112K
  class space    used 4446K, committed 4608K, reserved 1048576K
}
Event: 6.608 GC heap after
{Heap after GC invocations=9 (full 0):
 garbage-first heap   total 83968K, used 21519K [0x0000000084e00000, 0x0000000100000000)
  region size 1024K, 6 young (6144K), 6 survivors (6144K)
 Metaspace       used 34958K, committed 35328K, reserved 1114112K
  class space    used 4446K, committed 4608K, reserved 1048576K
}
Event: 6.785 GC heap before
{Heap before GC invocations=9 (full 0):
 garbage-first heap   total 83968K, used 25615K [0x0000000084e00000, 0x0000000100000000)
  region size 1024K, 11 young (11264K), 6 survivors (6144K)
 Metaspace       used 35733K, committed 36096K, reserved 1114112K
  class space    used 4591K, committed 4800K, reserved 1048576K
}
Event: 6.797 GC heap after
{Heap after GC invocations=10 (full 0):
 garbage-first heap   total 83968K, used 22294K [0x0000000084e00000, 0x0000000100000000)
  region size 1024K, 1 young (1024K), 1 survivors (1024K)
 Metaspace       used 35733K, committed 36096K, reserved 1114112K
  class space    used 4591K, committed 4800K, reserved 1048576K
}
Event: 8.501 GC heap before
{Heap before GC invocations=11 (full 0):
 garbage-first heap   total 78848K, used 62230K [0x0000000084e00000, 0x0000000100000000)
  region size 1024K, 40 young (40960K), 1 survivors (1024K)
 Metaspace       used 43829K, committed 44224K, reserved 1114112K
  class space    used 5706K, committed 5888K, reserved 1048576K
}
Event: 8.510 GC heap after
{Heap after GC invocations=12 (full 0):
 garbage-first heap   total 78848K, used 24562K [0x0000000084e00000, 0x0000000100000000)
  region size 1024K, 4 young (4096K), 4 survivors (4096K)
 Metaspace       used 43829K, committed 44224K, reserved 1114112K
  class space    used 5706K, committed 5888K, reserved 1048576K
}

