# JRE version: Java(TM) SE Runtime Environment (17.0.12+8) (build 17.0.12+8-LTS-286)
# Java VM: Java HotSpot(TM) 64-Bit Server VM (17.0.12+8-LTS-286, mixed mode, sharing, tiered, compressed oops, compressed class ptrs, g1 gc, windows-amd64)
GC Precious Log:
 CPUs: 4 total, 4 available
 Memory: 7877M
 Large Page Support: Disabled
 NUMA Support: Disabled
 Compressed Oops: Enabled (32-bit)
 Heap Region Size: 1M
 Heap Min Capacity: 8M
 Heap Initial Capacity: 124M
 Heap Max Capacity: 1970M
 Pre-touch: Disabled
 Parallel Workers: 4
 Concurrent Workers: 1
 Concurrent Refinement Workers: 4
 Periodic GC: Disabled
Heap:
 garbage-first heap   total 66560K, used 38181K [0x0000000084e00000, 0x0000000100000000)
  region size 1024K, 15 young (15360K), 1 survivors (1024K)
 Metaspace       used 39279K, committed 39552K, reserved 1114112K
  class space    used 4810K, committed 4992K, reserved 1048576K
GC Heap History (18 events):
Event: 0.497 GC heap before
{Heap before GC invocations=0 (full 0):
 garbage-first heap   total 126976K, used 17408K [0x0000000084e00000, 0x0000000100000000)
  region size 1024K, 13 young (13312K), 0 survivors (0K)
 Metaspace       used 4417K, committed 4608K, reserved 1114112K
  class space    used 358K, committed 448K, reserved 1048576K
}
Event: 0.500 GC heap after
{Heap after GC invocations=1 (full 0):
 garbage-first heap   total 126976K, used 6528K [0x0000000084e00000, 0x0000000100000000)
  region size 1024K, 2 young (2048K), 2 survivors (2048K)
 Metaspace       used 4417K, committed 4608K, reserved 1114112K
  class space    used 358K, committed 448K, reserved 1048576K
}
Event: 0.921 GC heap before
{Heap before GC invocations=1 (full 0):
 garbage-first heap   total 126976K, used 21888K [0x0000000084e00000, 0x0000000100000000)
  region size 1024K, 18 young (18432K), 2 survivors (2048K)
 Metaspace       used 8861K, committed 9152K, reserved 1114112K
  class space    used 951K, committed 1088K, reserved 1048576K
}
Event: 0.924 GC heap after
{Heap after GC invocations=2 (full 0):
 garbage-first heap   total 126976K, used 7639K [0x0000000084e00000, 0x0000000100000000)
  region size 1024K, 1 young (1024K), 1 survivors (1024K)
 Metaspace       used 8861K, committed 9152K, reserved 1114112K
  class space    used 951K, committed 1088K, reserved 1048576K
}
Event: 2.813 GC heap before
{Heap before GC invocations=2 (full 0):
 garbage-first heap   total 126976K, used 69079K [0x0000000084e00000, 0x0000000100000000)
  region size 1024K, 61 young (62464K), 1 survivors (1024K)
 Metaspace       used 21281K, committed 21504K, reserved 1114112K
  class space    used 2882K, committed 3008K, reserved 1048576K
}
Event: 2.831 GC heap after
{Heap after GC invocations=3 (full 0):
 garbage-first heap   total 126976K, used 15494K [0x0000000084e00000, 0x0000000100000000)
  region size 1024K, 9 young (9216K), 9 survivors (9216K)
 Metaspace       used 21281K, committed 21504K, reserved 1114112K
  class space    used 2882K, committed 3008K, reserved 1048576K
}
Event: 3.863 GC heap before
{Heap before GC invocations=4 (full 0):
 garbage-first heap   total 55296K, used 39046K [0x0000000084e00000, 0x0000000100000000)
  region size 1024K, 32 young (32768K), 9 survivors (9216K)
 Metaspace       used 25443K, committed 25728K, reserved 1114112K
  class space    used 3337K, committed 3456K, reserved 1048576K
}
Event: 3.879 GC heap after
{Heap after GC invocations=5 (full 0):
 garbage-first heap   total 55296K, used 19079K [0x0000000084e00000, 0x0000000100000000)
  region size 1024K, 4 young (4096K), 4 survivors (4096K)
 Metaspace       used 25443K, committed 25728K, reserved 1114112K
  class space    used 3337K, committed 3456K, reserved 1048576K
}
Event: 4.070 GC heap before
{Heap before GC invocations=5 (full 0):
 garbage-first heap   total 55296K, used 37511K [0x0000000084e00000, 0x0000000100000000)
  region size 1024K, 22 young (22528K), 4 survivors (4096K)
 Metaspace       used 28938K, committed 29120K, reserved 1114112K
  class space    used 3636K, committed 3712K, reserved 1048576K
}
Event: 4.076 GC heap after
{Heap after GC invocations=6 (full 0):
 garbage-first heap   total 55296K, used 20974K [0x0000000084e00000, 0x0000000100000000)
  region size 1024K, 2 young (2048K), 2 survivors (2048K)
 Metaspace       used 28938K, committed 29120K, reserved 1114112K
  class space    used 3636K, committed 3712K, reserved 1048576K
}
Event: 4.616 GC heap before
{Heap before GC invocations=6 (full 0):
 garbage-first heap   total 55296K, used 39406K [0x0000000084e00000, 0x0000000100000000)
  region size 1024K, 20 young (20480K), 2 survivors (2048K)
 Metaspace       used 33657K, committed 33920K, reserved 1114112K
  class space    used 4177K, committed 4288K, reserved 1048576K
}
Event: 4.623 GC heap after
{Heap after GC invocations=7 (full 0):
 garbage-first heap   total 55296K, used 22916K [0x0000000084e00000, 0x0000000100000000)
  region size 1024K, 3 young (3072K), 3 survivors (3072K)
 Metaspace       used 33657K, committed 33920K, reserved 1114112K
  class space    used 4177K, committed 4288K, reserved 1048576K
}
Event: 4.910 GC heap before
{Heap before GC invocations=7 (full 0):
 garbage-first heap   total 55296K, used 41348K [0x0000000084e00000, 0x0000000100000000)
  region size 1024K, 20 young (20480K), 3 survivors (3072K)
 Metaspace       used 35492K, committed 35840K, reserved 1114112K
  class space    used 4371K, committed 4544K, reserved 1048576K
}
Event: 4.919 GC heap after
{Heap after GC invocations=8 (full 0):
 garbage-first heap   total 55296K, used 25865K [0x0000000084e00000, 0x0000000100000000)
  region size 1024K, 3 young (3072K), 3 survivors (3072K)
 Metaspace       used 35492K, committed 35840K, reserved 1114112K
  class space    used 4371K, committed 4544K, reserved 1048576K
}
Event: 5.073 GC heap before
{Heap before GC invocations=8 (full 0):
 garbage-first heap   total 55296K, used 41225K [0x0000000084e00000, 0x0000000100000000)
  region size 1024K, 18 young (18432K), 3 survivors (3072K)
 Metaspace       used 35563K, committed 35904K, reserved 1114112K
  class space    used 4371K, committed 4544K, reserved 1048576K
}
Event: 5.077 GC heap after
{Heap after GC invocations=9 (full 0):
 garbage-first heap   total 66560K, used 26816K [0x0000000084e00000, 0x0000000100000000)
  region size 1024K, 2 young (2048K), 2 survivors (2048K)
 Metaspace       used 35563K, committed 35904K, reserved 1114112K
  class space    used 4371K, committed 4544K, reserved 1048576K
}
Event: 5.106 GC heap before
{Heap before GC invocations=9 (full 0):
 garbage-first heap   total 66560K, used 27840K [0x0000000084e00000, 0x0000000100000000)
  region size 1024K, 4 young (4096K), 2 survivors (2048K)
 Metaspace       used 35689K, committed 35968K, reserved 1114112K
  class space    used 4382K, committed 4544K, reserved 1048576K
}
Event: 5.108 GC heap after
{Heap after GC invocations=10 (full 0):
 garbage-first heap   total 66560K, used 25893K [0x0000000084e00000, 0x0000000100000000)
  region size 1024K, 1 young (1024K), 1 survivors (1024K)
 Metaspace       used 35689K, committed 35968K, reserved 1114112K
  class space    used 4382K, committed 4544K, reserved 1048576K
}

